<?xml version="1.0" encoding="UTF-8"?>
<!-- Generated by org.testng.reporters.JUnitReportReporter -->
<testsuite skipped="0" hostname="LAPTOP-2G86F66K" name="com.CloudBlaze.Monitoring.DataFlowScheduled" tests="12" failures="0" timestamp="26 Feb 2020 10:08:49 GMT" time="84.607" errors="0">
  <testcase name="VerifyDataFlowScheduledPage" time="2.797" classname="com.CloudBlaze.Monitoring.DataFlowScheduled"/>
  <testcase name="verifyUrlOfDataFlowScheduledPage" time="1.346" classname="com.CloudBlaze.Monitoring.DataFlowScheduled"/>
  <testcase name="verifyDataFlowScheduledPageComponents" time="0.516" classname="com.CloudBlaze.Monitoring.DataFlowScheduled"/>
  <testcase name="verifyColumnsInGrid" time="3.132" classname="com.CloudBlaze.Monitoring.DataFlowScheduled"/>
  <testcase name="verifyOnClickOfSubmitButtonAlertIsComing" time="8.877" classname="com.CloudBlaze.Monitoring.DataFlowScheduled"/>
  <testcase name="verifyOnClickOfCancelAllFieldShouldGetClear" time="9.029" classname="com.CloudBlaze.Monitoring.DataFlowScheduled"/>
  <testcase name="verifyFlowIsScheduled" time="16.112" classname="com.CloudBlaze.Monitoring.DataFlowScheduled"/>
  <testcase name="verifyEditScheduled" time="12.972" classname="com.CloudBlaze.Monitoring.DataFlowScheduled"/>
  <testcase name="verifyDeleteDialogBox" time="3.485" classname="com.CloudBlaze.Monitoring.DataFlowScheduled"/>
  <testcase name="verifyDeleteRecord" time="5.355" classname="com.CloudBlaze.Monitoring.DataFlowScheduled"/>
  <testcase name="verifyNowFrequency" time="10.777" classname="com.CloudBlaze.Monitoring.DataFlowScheduled"/>
  <testcase name="verifySpecificDayFrequency" time="10.209" classname="com.CloudBlaze.Monitoring.DataFlowScheduled"/>
</testsuite> <!-- com.CloudBlaze.Monitoring.DataFlowScheduled -->
