<?xml version="1.0" encoding="UTF-8"?>
<!-- Generated by org.testng.reporters.JUnitReportReporter -->
<testsuite skipped="0" hostname="LAPTOP-2G86F66K" name="com.Fullload_CDC.SqltoAzuresql" tests="5" failures="0" timestamp="13 Apr 2020 14:03:33 GMT" time="558.219" errors="0">
  <testcase name="verifySourceAdd" time="49.188" classname="com.Fullload_CDC.SqltoAzuresql"/>
  <testcase name="verifyAddDestination" time="22.836" classname="com.Fullload_CDC.SqltoAzuresql"/>
  <testcase name="verifyAddDataFlow" time="42.265" classname="com.Fullload_CDC.SqltoAzuresql"/>
  <testcase name="verifyScheduledFlow" time="17.552" classname="com.Fullload_CDC.SqltoAzuresql"/>
  <testcase name="verifyFlowOnMontioringScreen" time="426.378" classname="com.Fullload_CDC.SqltoAzuresql"/>
</testsuite> <!-- com.Fullload_CDC.SqltoAzuresql -->
