<?xml version="1.0" encoding="UTF-8"?>
<!-- Generated by org.testng.reporters.JUnitReportReporter -->
<testsuite skipped="0" hostname="LAPTOP-2G86F66K" name="com.Fullload_CDC.SqlToAdlsDM" tests="5" failures="0" timestamp="14 Apr 2020 11:25:39 GMT" time="756.838" errors="0">
  <testcase name="verifySourceAdd" time="51.924" classname="com.Fullload_CDC.SqlToAdlsDM"/>
  <testcase name="verifyAddDestination" time="20.416" classname="com.Fullload_CDC.SqlToAdlsDM"/>
  <testcase name="verifyAddDataFlow" time="46.900" classname="com.Fullload_CDC.SqlToAdlsDM"/>
  <testcase name="verifyScheduledFlow" time="18.149" classname="com.Fullload_CDC.SqlToAdlsDM"/>
  <testcase name="verifyFlowOnMontioringScreen" time="619.449" classname="com.Fullload_CDC.SqlToAdlsDM"/>
</testsuite> <!-- com.Fullload_CDC.SqlToAdlsDM -->
