<?xml version="1.0" encoding="UTF-8"?>
<!-- Generated by org.testng.reporters.JUnitReportReporter -->
<testsuite skipped="0" hostname="LAPTOP-2G86F66K" name="com.Fullload_CDC.SqltoAzuresql" tests="5" failures="0" timestamp="01 Apr 2020 10:15:30 GMT" time="263.912" errors="0">
  <testcase name="verifySourceAdd" time="50.921" classname="com.Fullload_CDC.SqltoAzuresql"/>
  <testcase name="verifyAddDestination" time="20.313" classname="com.Fullload_CDC.SqltoAzuresql"/>
  <testcase name="verifyAddDataFlow" time="42.220" classname="com.Fullload_CDC.SqltoAzuresql"/>
  <testcase name="verifyScheduledFlow" time="17.436" classname="com.Fullload_CDC.SqltoAzuresql"/>
  <testcase name="verifyFlowOnMontioringScreen" time="133.022" classname="com.Fullload_CDC.SqltoAzuresql"/>
</testsuite> <!-- com.Fullload_CDC.SqltoAzuresql -->
