<?xml version="1.0" encoding="UTF-8"?>
<!-- Generated by org.testng.reporters.JUnitReportReporter -->
<testsuite skipped="0" hostname="LAPTOP-2G86F66K" name="com.Fullload_CDC.SqltoAzuresql" tests="5" failures="0" timestamp="14 Apr 2020 07:24:58 GMT" time="499.015" errors="0">
  <testcase name="verifySourceAdd" time="51.091" classname="com.Fullload_CDC.SqltoAzuresql"/>
  <testcase name="verifyAddDestination" time="21.917" classname="com.Fullload_CDC.SqltoAzuresql"/>
  <testcase name="verifyAddDataFlow" time="42.755" classname="com.Fullload_CDC.SqltoAzuresql"/>
  <testcase name="verifyScheduledFlow" time="17.747" classname="com.Fullload_CDC.SqltoAzuresql"/>
  <testcase name="verifyFlowOnMontioringScreen" time="365.505" classname="com.Fullload_CDC.SqltoAzuresql"/>
</testsuite> <!-- com.Fullload_CDC.SqltoAzuresql -->
