<?xml version="1.0" encoding="UTF-8"?>
<!-- Generated by org.testng.reporters.JUnitReportReporter -->
<testsuite skipped="6" hostname="LAPTOP-2G86F66K" name="com.CloudBlaze.Onboarding.SystemParams" tests="7" failures="0" timestamp="29 Apr 2019 08:57:31 GMT" time="0.016" errors="1">
  <testcase name="init" time="0.016" classname="com.CloudBlaze.Onboarding.SystemParams">
    <error type="java.lang.NullPointerException">
      <![CDATA[java.lang.NullPointerException
at com.CloudBlaze.Base.BaseClass.init(BaseClass.java:50)
at sun.reflect.NativeMethodAccessorImpl.invoke0(Native Method)
at sun.reflect.NativeMethodAccessorImpl.invoke(Unknown Source)
at sun.reflect.DelegatingMethodAccessorImpl.invoke(Unknown Source)
at java.lang.reflect.Method.invoke(Unknown Source)
at org.testng.internal.MethodInvocationHelper.invokeMethod(MethodInvocationHelper.java:124)
at org.testng.internal.MethodInvocationHelper.invokeMethodConsideringTimeout(MethodInvocationHelper.java:59)
at org.testng.internal.Invoker.invokeConfigurationMethod(Invoker.java:455)
at org.testng.internal.Invoker.invokeConfigurations(Invoker.java:222)
at org.testng.internal.Invoker.invokeConfigurations(Invoker.java:142)
at org.testng.TestRunner.beforeRun(TestRunner.java:529)
at org.testng.TestRunner.run(TestRunner.java:497)
at org.testng.SuiteRunner.runTest(SuiteRunner.java:455)
at org.testng.SuiteRunner.runSequentially(SuiteRunner.java:450)
at org.testng.SuiteRunner.privateRun(SuiteRunner.java:415)
at org.testng.SuiteRunner.run(SuiteRunner.java:364)
at org.testng.SuiteRunnerWorker.runSuite(SuiteRunnerWorker.java:52)
at org.testng.SuiteRunnerWorker.run(SuiteRunnerWorker.java:84)
at org.testng.TestNG.runSuitesSequentially(TestNG.java:1208)
at org.testng.TestNG.runSuitesLocally(TestNG.java:1137)
at org.testng.TestNG.runSuites(TestNG.java:1049)
at org.testng.TestNG.run(TestNG.java:1017)
at org.testng.remote.AbstractRemoteTestNG.run(AbstractRemoteTestNG.java:114)
at org.testng.remote.RemoteTestNG.initAndRun(RemoteTestNG.java:251)
at org.testng.remote.RemoteTestNG.main(RemoteTestNG.java:77)
]]>
    </error>
  </testcase> <!-- init -->
  <testcase name="verifySystemParamsPage" time="0.000" classname="com.CloudBlaze.Onboarding.SystemParams">
    <skipped/>
  </testcase> <!-- verifySystemParamsPage -->
  <testcase name="verifyUrlOfSystemParams" time="0.000" classname="com.CloudBlaze.Onboarding.SystemParams">
    <skipped/>
  </testcase> <!-- verifyUrlOfSystemParams -->
  <testcase name="verifySystemParamsComponents" time="0.000" classname="com.CloudBlaze.Onboarding.SystemParams">
    <skipped/>
  </testcase> <!-- verifySystemParamsComponents -->
  <testcase name="verifyGrid" time="0.000" classname="com.CloudBlaze.Onboarding.SystemParams">
    <skipped/>
  </testcase> <!-- verifyGrid -->
  <testcase name="verifyAnyRecordInGrid" time="0.000" classname="com.CloudBlaze.Onboarding.SystemParams">
    <skipped/>
  </testcase> <!-- verifyAnyRecordInGrid -->
  <testcase name="verifyEditFunctionality" time="0.000" classname="com.CloudBlaze.Onboarding.SystemParams">
    <skipped/>
  </testcase> <!-- verifyEditFunctionality -->
</testsuite> <!-- com.CloudBlaze.Onboarding.SystemParams -->
