<?xml version="1.0" encoding="UTF-8"?>
<!-- Generated by org.testng.reporters.JUnitReportReporter -->
<testsuite skipped="0" hostname="LAPTOP-2G86F66K" name="com.CloudBlaze.Monitoring.DataFlowScheduled" tests="13" failures="0" timestamp="06 Aug 2019 12:55:12 GMT" time="112.270" errors="0">
  <testcase name="VerifyLogin" time="11.704" classname="com.CloudBlaze.Monitoring.DataFlowScheduled"/>
  <testcase name="VerifyDataFlowScheduledPage" time="2.150" classname="com.CloudBlaze.Monitoring.DataFlowScheduled"/>
  <testcase name="verifyUrlOfDataFlowScheduledPage" time="1.702" classname="com.CloudBlaze.Monitoring.DataFlowScheduled"/>
  <testcase name="verifyDataFlowScheduledPageComponents" time="0.605" classname="com.CloudBlaze.Monitoring.DataFlowScheduled"/>
  <testcase name="verifyColumnsInGrid" time="3.213" classname="com.CloudBlaze.Monitoring.DataFlowScheduled"/>
  <testcase name="verifyOnClickOfSubmitButtonAlertIsComing" time="8.942" classname="com.CloudBlaze.Monitoring.DataFlowScheduled"/>
  <testcase name="verifyOnClickOfCancelAllFieldShouldGetClear" time="9.041" classname="com.CloudBlaze.Monitoring.DataFlowScheduled"/>
  <testcase name="verifyFlowIsScheduled" time="30.126" classname="com.CloudBlaze.Monitoring.DataFlowScheduled"/>
  <testcase name="verifyEditScheduled" time="13.686" classname="com.CloudBlaze.Monitoring.DataFlowScheduled"/>
  <testcase name="verifyDeleteDialogBox" time="3.603" classname="com.CloudBlaze.Monitoring.DataFlowScheduled"/>
  <testcase name="verifyDeleteRecord" time="5.353" classname="com.CloudBlaze.Monitoring.DataFlowScheduled"/>
  <testcase name="verifyNowFrequency" time="11.147" classname="com.CloudBlaze.Monitoring.DataFlowScheduled"/>
  <testcase name="verifySpecificDayFrequency" time="10.998" classname="com.CloudBlaze.Monitoring.DataFlowScheduled"/>
</testsuite> <!-- com.CloudBlaze.Monitoring.DataFlowScheduled -->
