<?xml version="1.0" encoding="UTF-8"?>
<!-- Generated by org.testng.reporters.JUnitReportReporter -->
<testsuite skipped="0" hostname="LAPTOP-2G86F66K" name="com.Fullload_CDC.MySqlToSql" tests="5" failures="0" timestamp="23 Jun 2020 13:23:16 GMT" time="255.885" errors="0">
  <testcase name="verifySourceMySql" time="55.835" classname="com.Fullload_CDC.MySqlToSql"/>
  <testcase name="verifyAddDestination" time="23.406" classname="com.Fullload_CDC.MySqlToSql"/>
  <testcase name="verifyAddDataFlow" time="40.683" classname="com.Fullload_CDC.MySqlToSql"/>
  <testcase name="verifyScheduledFlow" time="18.111" classname="com.Fullload_CDC.MySqlToSql"/>
  <testcase name="verifyFlowOnMontioringScreen" time="117.850" classname="com.Fullload_CDC.MySqlToSql"/>
</testsuite> <!-- com.Fullload_CDC.MySqlToSql -->
