<?xml version="1.0" encoding="UTF-8"?>
<!-- Generated by org.testng.reporters.JUnitReportReporter -->
<testsuite skipped="0" hostname="LAPTOP-2G86F66K" name="com.Fullload_CDC.OracletoAzureSql" tests="5" failures="0" timestamp="11 Mar 2020 10:20:11 GMT" time="249.226" errors="0">
  <testcase name="verifySourceAdd" time="40.427" classname="com.Fullload_CDC.OracletoAzureSql"/>
  <testcase name="verifyAddDestination" time="22.647" classname="com.Fullload_CDC.OracletoAzureSql"/>
  <testcase name="verifyAddDataFlow" time="37.609" classname="com.Fullload_CDC.OracletoAzureSql"/>
  <testcase name="verifyScheduledFlow" time="15.067" classname="com.Fullload_CDC.OracletoAzureSql"/>
  <testcase name="verifyFlowOnMontioringScreen" time="133.476" classname="com.Fullload_CDC.OracletoAzureSql"/>
</testsuite> <!-- com.Fullload_CDC.OracletoAzureSql -->
