<?xml version="1.0" encoding="UTF-8"?>
<!-- Generated by org.testng.reporters.JUnitReportReporter -->
<testsuite skipped="0" hostname="LAPTOP-2G86F66K" name="com.Fullload_CDC.FullLoad" tests="11" failures="0" timestamp="14 Apr 2020 07:24:58 GMT" time="1220.328" errors="0">
  <testcase name="verifySystemParams" time="6.515" classname="com.Fullload_CDC.FullLoad"/>
  <testcase name="verifyServicePrinciple" time="3.537" classname="com.Fullload_CDC.FullLoad"/>
  <testcase name="verifySubscription" time="4.089" classname="com.Fullload_CDC.FullLoad"/>
  <testcase name="verifyAddDataFactory" time="5.566" classname="com.Fullload_CDC.FullLoad"/>
  <testcase name="verifyAddSendgrid" time="3.469" classname="com.Fullload_CDC.FullLoad"/>
  <testcase name="verifyAddAzureFunction" time="3.429" classname="com.Fullload_CDC.FullLoad"/>
  <testcase name="verifySourceAdd" time="46.984" classname="com.Fullload_CDC.FullLoad"/>
  <testcase name="verifyAddDestination" time="16.900" classname="com.Fullload_CDC.FullLoad"/>
  <testcase name="verifyAddDataFlow" time="64.522" classname="com.Fullload_CDC.FullLoad"/>
  <testcase name="verifyScheduledFlow" time="18.248" classname="com.Fullload_CDC.FullLoad"/>
  <testcase name="verifyFlowOnMontioringScreen" time="1047.069" classname="com.Fullload_CDC.FullLoad"/>
</testsuite> <!-- com.Fullload_CDC.FullLoad -->
