<?xml version="1.0" encoding="UTF-8"?>
<!-- Generated by org.testng.reporters.JUnitReportReporter -->
<testsuite skipped="0" hostname="LAPTOP-2G86F66K" name="com.CloudBlaze.Onboarding.DataFlow" tests="15" failures="0" timestamp="12 Aug 2019 08:48:29 GMT" time="97.444" errors="0">
  <testcase name="VerifyLogin" time="13.843" classname="com.CloudBlaze.Onboarding.DataFlow"/>
  <testcase name="verifyDataFlowPage" time="4.173" classname="com.CloudBlaze.Onboarding.DataFlow"/>
  <testcase name="verifyUrlOfDataFlowPage" time="4.465" classname="com.CloudBlaze.Onboarding.DataFlow"/>
  <testcase name="verifyComponentsOfDataFlowPage" time="3.149" classname="com.CloudBlaze.Onboarding.DataFlow"/>
  <testcase name="verifyGridComponents" time="0.156" classname="com.CloudBlaze.Onboarding.DataFlow"/>
  <testcase name="verifyColumnsOfGrid" time="0.439" classname="com.CloudBlaze.Onboarding.DataFlow"/>
  <testcase name="verifyNumberOfRecords" time="0.037" classname="com.CloudBlaze.Onboarding.DataFlow"/>
  <testcase name="verifyOnAddClickPannelareDisplaying" time="0.289" classname="com.CloudBlaze.Onboarding.DataFlow"/>
  <testcase name="verifyOnAddClickFirstPannel" time="1.448" classname="com.CloudBlaze.Onboarding.DataFlow"/>
  <testcase name="verifyComponentsOfDataFlow" time="2.285" classname="com.CloudBlaze.Onboarding.DataFlow"/>
  <testcase name="verifyAddDataFlow" time="30.582" classname="com.CloudBlaze.Onboarding.DataFlow"/>
  <testcase name="verifyEditDataFlow" time="18.154" classname="com.CloudBlaze.Onboarding.DataFlow"/>
  <testcase name="verifyPublisedFlowInAzure" time="9.768" classname="com.CloudBlaze.Onboarding.DataFlow"/>
  <testcase name="DpdpipelinePRovisioning" time="5.339" classname="com.CloudBlaze.Onboarding.DataFlow"/>
  <testcase name="DpdpipelineSchemaProcessor" time="3.317" classname="com.CloudBlaze.Onboarding.DataFlow"/>
</testsuite> <!-- com.CloudBlaze.Onboarding.DataFlow -->
