<?xml version="1.0" encoding="UTF-8"?>
<!-- Generated by org.testng.reporters.JUnitReportReporter -->
<testsuite skipped="0" hostname="LAPTOP-2G86F66K" name="com.Fullload_CDC.ChangeDataCapture" tests="5" failures="0" timestamp="04 Mar 2020 10:15:49 GMT" time="1162.917" errors="0">
  <testcase name="verifySourceAdd" time="52.109" classname="com.Fullload_CDC.ChangeDataCapture"/>
  <testcase name="verifyAddDestination" time="19.796" classname="com.Fullload_CDC.ChangeDataCapture"/>
  <testcase name="verifyAddDataFlow" time="68.334" classname="com.Fullload_CDC.ChangeDataCapture"/>
  <testcase name="verifyScheduledFlow" time="12.829" classname="com.Fullload_CDC.ChangeDataCapture"/>
  <testcase name="verifyFlowOnMontioringScreen" time="1009.849" classname="com.Fullload_CDC.ChangeDataCapture"/>
</testsuite> <!-- com.Fullload_CDC.ChangeDataCapture -->
