<?xml version="1.0" encoding="UTF-8"?>
<!-- Generated by org.testng.reporters.JUnitReportReporter -->
<testsuite skipped="0" hostname="LAPTOP-2G86F66K" name="com.Fullload_CDC.OracleToAdlsDM" tests="5" failures="0" timestamp="16 Mar 2020 06:50:50 GMT" time="279.212" errors="0">
  <testcase name="verifySourceAdd" time="41.630" classname="com.Fullload_CDC.OracleToAdlsDM"/>
  <testcase name="verifyAddDestination" time="18.803" classname="com.Fullload_CDC.OracleToAdlsDM"/>
  <testcase name="verifyAddDataFlow" time="46.400" classname="com.Fullload_CDC.OracleToAdlsDM"/>
  <testcase name="verifyScheduledFlow" time="18.130" classname="com.Fullload_CDC.OracleToAdlsDM"/>
  <testcase name="verifyFlowOnMontioringScreen" time="154.249" classname="com.Fullload_CDC.OracleToAdlsDM"/>
</testsuite> <!-- com.Fullload_CDC.OracleToAdlsDM -->
