<?xml version="1.0" encoding="UTF-8"?>
<!-- Generated by org.testng.reporters.JUnitReportReporter -->
<testsuite skipped="0" hostname="LAPTOP-2G86F66K" name="com.CloudBlaze.Onboarding.Subscription" tests="9" failures="0" timestamp="30 Apr 2019 12:38:27 GMT" time="38.532" errors="0">
  <testcase name="verifySubscriptionPage" time="4.195" classname="com.CloudBlaze.Onboarding.Subscription"/>
  <testcase name="verifyUrlOfSubscription" time="0.017" classname="com.CloudBlaze.Onboarding.Subscription"/>
  <testcase name="verifySubscriptionPageComponents" time="0.332" classname="com.CloudBlaze.Onboarding.Subscription"/>
  <testcase name="verifyGridComponents" time="0.109" classname="com.CloudBlaze.Onboarding.Subscription"/>
  <testcase name="verifyNumberOfRecords" time="0.030" classname="com.CloudBlaze.Onboarding.Subscription"/>
  <testcase name="verifyOnClickOfCancelAllFieldShouldGetClear" time="11.042" classname="com.CloudBlaze.Onboarding.Subscription"/>
  <testcase name="verifySubscriptionIsCreated" time="8.696" classname="com.CloudBlaze.Onboarding.Subscription"/>
  <testcase name="verifyDeleteRecord" time="4.265" classname="com.CloudBlaze.Onboarding.Subscription"/>
  <testcase name="verifyEditButton" time="9.846" classname="com.CloudBlaze.Onboarding.Subscription"/>
</testsuite> <!-- com.CloudBlaze.Onboarding.Subscription -->
