<?xml version="1.0" encoding="UTF-8"?>
<!-- Generated by org.testng.reporters.JUnitReportReporter -->
<testsuite skipped="0" hostname="LAPTOP-2G86F66K" name="com.Fullload_CDC.SqlToAdlsDM" tests="5" failures="0" timestamp="17 Apr 2020 12:29:12 GMT" time="444.484" errors="0">
  <testcase name="verifySourceAdd" time="62.286" classname="com.Fullload_CDC.SqlToAdlsDM"/>
  <testcase name="verifyAddDestination" time="24.636" classname="com.Fullload_CDC.SqlToAdlsDM"/>
  <testcase name="verifyAddDataFlow" time="45.858" classname="com.Fullload_CDC.SqlToAdlsDM"/>
  <testcase name="verifyScheduledFlow" time="17.855" classname="com.Fullload_CDC.SqlToAdlsDM"/>
  <testcase name="verifyFlowOnMontioringScreen" time="293.849" classname="com.Fullload_CDC.SqlToAdlsDM"/>
</testsuite> <!-- com.Fullload_CDC.SqlToAdlsDM -->
