<?xml version="1.0" encoding="UTF-8"?>
<!-- Generated by org.testng.reporters.JUnitReportReporter -->
<testsuite skipped="0" hostname="LAPTOP-2G86F66K" name="com.CloudBlaze.Onboarding.SystemParams" tests="4" failures="0" timestamp="26 Feb 2020 10:58:13 GMT" time="11.902" errors="0">
  <testcase name="verifySystemParameterPage" time="3.117" classname="com.CloudBlaze.Onboarding.SystemParams"/>
  <testcase name="verifyUrlOfSystemParameter" time="3.510" classname="com.CloudBlaze.Onboarding.SystemParams"/>
  <testcase name="verifySystemParamsComponents" time="0.266" classname="com.CloudBlaze.Onboarding.SystemParams"/>
  <testcase name="verifyAlertOnSystemParameters" time="5.009" classname="com.CloudBlaze.Onboarding.SystemParams"/>
</testsuite> <!-- com.CloudBlaze.Onboarding.SystemParams -->
