<?xml version="1.0" encoding="UTF-8"?>
<!-- Generated by org.testng.reporters.JUnitReportReporter -->
<testsuite skipped="0" hostname="LAPTOP-2G86F66K" name="com.Fullload_CDC.SqltoAzuresql" tests="5" failures="0" timestamp="11 Mar 2020 11:18:23 GMT" time="312.610" errors="0">
  <testcase name="verifySourceAdd" time="48.109" classname="com.Fullload_CDC.SqltoAzuresql"/>
  <testcase name="verifyAddDestination" time="21.640" classname="com.Fullload_CDC.SqltoAzuresql"/>
  <testcase name="verifyAddDataFlow" time="39.140" classname="com.Fullload_CDC.SqltoAzuresql"/>
  <testcase name="verifyScheduledFlow" time="17.573" classname="com.Fullload_CDC.SqltoAzuresql"/>
  <testcase name="verifyFlowOnMontioringScreen" time="186.148" classname="com.Fullload_CDC.SqltoAzuresql"/>
</testsuite> <!-- com.Fullload_CDC.SqltoAzuresql -->
