<?xml version="1.0" encoding="UTF-8"?>
<!-- Generated by org.testng.reporters.JUnitReportReporter -->
<testsuite skipped="0" hostname="LAPTOP-2G86F66K" name="com.CloudBlaze.Onboarding.CustomOperation" tests="15" failures="0" timestamp="19 Feb 2020 12:33:54 GMT" time="98.188" errors="0">
  <testcase name="verifyCustomOperationPage" time="4.907" classname="com.CloudBlaze.Onboarding.CustomOperation"/>
  <testcase name="verifyUrlOfCustomOperationPage" time="3.186" classname="com.CloudBlaze.Onboarding.CustomOperation"/>
  <testcase name="verifyCustomOperationComponents" time="0.234" classname="com.CloudBlaze.Onboarding.CustomOperation"/>
  <testcase name="verifyGridComponents" time="0.110" classname="com.CloudBlaze.Onboarding.CustomOperation"/>
  <testcase name="verifyColumnsOfGrid" time="0.297" classname="com.CloudBlaze.Onboarding.CustomOperation"/>
  <testcase name="verifyNumberOfRecords" time="0.015" classname="com.CloudBlaze.Onboarding.CustomOperation"/>
  <testcase name="verifyOnClickOfSubmitButtonAlertIsComing" time="5.844" classname="com.CloudBlaze.Onboarding.CustomOperation"/>
  <testcase name="verifyFieldsOfJar" time="6.905" classname="com.CloudBlaze.Onboarding.CustomOperation"/>
  <testcase name="verifyFieldsOfScalaNotebook" time="6.990" classname="com.CloudBlaze.Onboarding.CustomOperation"/>
  <testcase name="verifyFieldsOfParametersnotebook" time="2.558" classname="com.CloudBlaze.Onboarding.CustomOperation"/>
  <testcase name="verifyFieldsOfLibraryNotebook" time="9.497" classname="com.CloudBlaze.Onboarding.CustomOperation"/>
  <testcase name="verifyFieldsOfParametersjar" time="3.749" classname="com.CloudBlaze.Onboarding.CustomOperation"/>
  <testcase name="verifyFieldsOflibraryjar" time="13.419" classname="com.CloudBlaze.Onboarding.CustomOperation"/>
  <testcase name="verifyAddRecordOfJar" time="24.029" classname="com.CloudBlaze.Onboarding.CustomOperation"/>
  <testcase name="verifyAddRecordOfNoteBook" time="16.448" classname="com.CloudBlaze.Onboarding.CustomOperation"/>
</testsuite> <!-- com.CloudBlaze.Onboarding.CustomOperation -->
