<?xml version="1.0" encoding="UTF-8"?>
<!-- Generated by org.testng.reporters.JUnitReportReporter -->
<testsuite skipped="0" hostname="LAPTOP-2G86F66K" name="com.Fullload_CDC.SqlToAdlsDM" tests="5" failures="0" timestamp="13 Mar 2020 12:10:58 GMT" time="295.232" errors="0">
  <testcase name="verifySourceAdd" time="49.035" classname="com.Fullload_CDC.SqlToAdlsDM"/>
  <testcase name="verifyAddDestination" time="17.000" classname="com.Fullload_CDC.SqlToAdlsDM"/>
  <testcase name="verifyAddDataFlow" time="41.512" classname="com.Fullload_CDC.SqlToAdlsDM"/>
  <testcase name="verifyScheduledFlow" time="17.412" classname="com.Fullload_CDC.SqlToAdlsDM"/>
  <testcase name="verifyFlowOnMontioringScreen" time="170.273" classname="com.Fullload_CDC.SqlToAdlsDM"/>
</testsuite> <!-- com.Fullload_CDC.SqlToAdlsDM -->
