<?xml version="1.0" encoding="UTF-8"?>
<!-- Generated by org.testng.reporters.JUnitReportReporter -->
<testsuite skipped="0" hostname="LAPTOP-2G86F66K" name="com.Fullload_CDC.FiletoAdls" tests="5" failures="0" timestamp="11 Mar 2020 10:46:46 GMT" time="244.552" errors="0">
  <testcase name="verifySourceFile" time="51.937" classname="com.Fullload_CDC.FiletoAdls"/>
  <testcase name="verifyAddDestination" time="19.174" classname="com.Fullload_CDC.FiletoAdls"/>
  <testcase name="verifyAddDataFlow" time="41.128" classname="com.Fullload_CDC.FiletoAdls"/>
  <testcase name="verifyScheduledFlow" time="14.861" classname="com.Fullload_CDC.FiletoAdls"/>
  <testcase name="verifyFlowOnMontioringScreen" time="117.452" classname="com.Fullload_CDC.FiletoAdls"/>
</testsuite> <!-- com.Fullload_CDC.FiletoAdls -->
