<?xml version="1.0" encoding="UTF-8"?>
<!-- Generated by org.testng.reporters.JUnitReportReporter -->
<testsuite skipped="0" hostname="LAPTOP-2G86F66K" name="com.CloudBlaze.Onboarding.ServicePrincipal" tests="14" failures="0" timestamp="07 Aug 2019 06:38:33 GMT" time="69.834" errors="0">
  <testcase name="VerifyLogin" time="11.261" classname="com.CloudBlaze.Onboarding.ServicePrincipal"/>
  <testcase name="verifyServicePrincipalPage" time="3.164" classname="com.CloudBlaze.Onboarding.ServicePrincipal"/>
  <testcase name="verifyUrlOfServicePrincipal" time="3.461" classname="com.CloudBlaze.Onboarding.ServicePrincipal"/>
  <testcase name="verifyComponentsOfServicePrincipal" time="0.637" classname="com.CloudBlaze.Onboarding.ServicePrincipal"/>
  <testcase name="verifyRecordesInGrid" time="3.105" classname="com.CloudBlaze.Onboarding.ServicePrincipal"/>
  <testcase name="verifyColumnsOfGrid" time="0.422" classname="com.CloudBlaze.Onboarding.ServicePrincipal"/>
  <testcase name="verifyEditDeleteButtons" time="0.100" classname="com.CloudBlaze.Onboarding.ServicePrincipal"/>
  <testcase name="verifyValidations" time="5.199" classname="com.CloudBlaze.Onboarding.ServicePrincipal"/>
  <testcase name="verifyNumberOfRecords" time="0.030" classname="com.CloudBlaze.Onboarding.ServicePrincipal"/>
  <testcase name="verifyFieldsDataGetClearOnCancelClick" time="12.302" classname="com.CloudBlaze.Onboarding.ServicePrincipal"/>
  <testcase name="verifyAddServicePrincipal" time="10.226" classname="com.CloudBlaze.Onboarding.ServicePrincipal"/>
  <testcase name="verifyEditServicePrincipal" time="11.133" classname="com.CloudBlaze.Onboarding.ServicePrincipal"/>
  <testcase name="verifyDeleteDialogBox" time="1.345" classname="com.CloudBlaze.Onboarding.ServicePrincipal"/>
  <testcase name="verifyDeleteRecord" time="7.449" classname="com.CloudBlaze.Onboarding.ServicePrincipal"/>
</testsuite> <!-- com.CloudBlaze.Onboarding.ServicePrincipal -->
