<?xml version="1.0" encoding="UTF-8"?>
<!-- Generated by org.testng.reporters.JUnitReportReporter -->
<testsuite skipped="0" hostname="LAPTOP-2G86F66K" name="com.CloudBlaze.UserSecurity.UserRoles" tests="1" failures="0" timestamp="24 Mar 2020 13:13:14 GMT" time="4.111" errors="0">
  <testcase name="VerifyUserRolesPage" time="4.111" classname="com.CloudBlaze.UserSecurity.UserRoles"/>
</testsuite> <!-- com.CloudBlaze.UserSecurity.UserRoles -->
