<?xml version="1.0" encoding="UTF-8"?>
<!-- Generated by org.testng.reporters.JUnitReportReporter -->
<testsuite skipped="5" hostname="LAPTOP-2G86F66K" name="com.Fullload_CDC.SqlToAdlsDM" tests="5" failures="0" timestamp="14 Apr 2020 12:00:39 GMT" time="0.000" errors="0">
  <testcase name="verifySourceAdd" time="0.000" classname="com.Fullload_CDC.SqlToAdlsDM">
    <skipped/>
  </testcase> <!-- verifySourceAdd -->
  <testcase name="verifyAddDestination" time="0.000" classname="com.Fullload_CDC.SqlToAdlsDM">
    <skipped/>
  </testcase> <!-- verifyAddDestination -->
  <testcase name="verifyAddDataFlow" time="0.000" classname="com.Fullload_CDC.SqlToAdlsDM">
    <skipped/>
  </testcase> <!-- verifyAddDataFlow -->
  <testcase name="verifyScheduledFlow" time="0.000" classname="com.Fullload_CDC.SqlToAdlsDM">
    <skipped/>
  </testcase> <!-- verifyScheduledFlow -->
  <testcase name="verifyFlowOnMontioringScreen" time="0.000" classname="com.Fullload_CDC.SqlToAdlsDM">
    <skipped/>
  </testcase> <!-- verifyFlowOnMontioringScreen -->
</testsuite> <!-- com.Fullload_CDC.SqlToAdlsDM -->
