<?xml version="1.0" encoding="UTF-8"?>
<!-- Generated by org.testng.reporters.JUnitReportReporter -->
<testsuite skipped="0" hostname="LAPTOP-2G86F66K" name="com.CloudBlaze.Onboarding.Subscription" tests="14" failures="0" timestamp="07 Aug 2019 06:43:27 GMT" time="66.852" errors="0">
  <testcase name="VerifyLogin" time="11.872" classname="com.CloudBlaze.Onboarding.Subscription"/>
  <testcase name="verifySubscriptionPage" time="3.170" classname="com.CloudBlaze.Onboarding.Subscription"/>
  <testcase name="verifyUrlOfSubscription" time="0.410" classname="com.CloudBlaze.Onboarding.Subscription"/>
  <testcase name="verifySubscriptionPageComponents" time="0.711" classname="com.CloudBlaze.Onboarding.Subscription"/>
  <testcase name="verifyGridComponents" time="0.179" classname="com.CloudBlaze.Onboarding.Subscription"/>
  <testcase name="verifyColumnsOfGrid" time="0.466" classname="com.CloudBlaze.Onboarding.Subscription"/>
  <testcase name="verifyNumberOfRecords" time="0.030" classname="com.CloudBlaze.Onboarding.Subscription"/>
  <testcase name="verifyOnClickOfCancelAllFieldShouldGetClear" time="11.367" classname="com.CloudBlaze.Onboarding.Subscription"/>
  <testcase name="verifyOnClickOfSubmitButtonAlertIsComing" time="7.066" classname="com.CloudBlaze.Onboarding.Subscription"/>
  <testcase name="verifyDeleteDialogBox" time="1.407" classname="com.CloudBlaze.Onboarding.Subscription"/>
  <testcase name="verifySubscriptionIsCreated" time="11.910" classname="com.CloudBlaze.Onboarding.Subscription"/>
  <testcase name="verifySameNameSubscription" time="4.409" classname="com.CloudBlaze.Onboarding.Subscription"/>
  <testcase name="verifyDeleteRecord" time="4.669" classname="com.CloudBlaze.Onboarding.Subscription"/>
  <testcase name="verifyEditButton" time="9.186" classname="com.CloudBlaze.Onboarding.Subscription"/>
</testsuite> <!-- com.CloudBlaze.Onboarding.Subscription -->
