<?xml version="1.0" encoding="UTF-8"?>
<!-- Generated by org.testng.reporters.JUnitReportReporter -->
<testsuite skipped="0" hostname="LAPTOP-2G86F66K" name="com.Fullload_CDC.MySqlToSql" tests="5" failures="0" timestamp="12 Mar 2020 06:45:06 GMT" time="259.160" errors="0">
  <testcase name="verifySourceMySql" time="56.782" classname="com.Fullload_CDC.MySqlToSql"/>
  <testcase name="verifyAddDestination" time="23.796" classname="com.Fullload_CDC.MySqlToSql"/>
  <testcase name="verifyAddDataFlow" time="41.295" classname="com.Fullload_CDC.MySqlToSql"/>
  <testcase name="verifyScheduledFlow" time="18.991" classname="com.Fullload_CDC.MySqlToSql"/>
  <testcase name="verifyFlowOnMontioringScreen" time="118.296" classname="com.Fullload_CDC.MySqlToSql"/>
</testsuite> <!-- com.Fullload_CDC.MySqlToSql -->
