<?xml version="1.0" encoding="UTF-8"?>
<!-- Generated by org.testng.reporters.JUnitReportReporter -->
<testsuite skipped="0" hostname="LAPTOP-2G86F66K" name="com.Fullload_CDC.MySqlToSql" tests="5" failures="0" timestamp="24 Jun 2020 10:36:40 GMT" time="289.684" errors="0">
  <testcase name="verifySourceMySql" time="59.016" classname="com.Fullload_CDC.MySqlToSql"/>
  <testcase name="verifyAddDestination" time="31.140" classname="com.Fullload_CDC.MySqlToSql"/>
  <testcase name="verifyAddDataFlow" time="42.277" classname="com.Fullload_CDC.MySqlToSql"/>
  <testcase name="verifyScheduledFlow" time="18.714" classname="com.Fullload_CDC.MySqlToSql"/>
  <testcase name="verifyFlowOnMontioringScreen" time="138.537" classname="com.Fullload_CDC.MySqlToSql"/>
</testsuite> <!-- com.Fullload_CDC.MySqlToSql -->
