<?xml version="1.0" encoding="UTF-8"?>
<!-- Generated by org.testng.reporters.JUnitReportReporter -->
<testsuite skipped="0" hostname="LAPTOP-2G86F66K" name="com.CloudBlaze.Onboarding.Home" tests="3" failures="0" timestamp="21 Feb 2020 07:22:18 GMT" time="8.486" errors="0">
  <testcase name="verifyHomePageLink" time="4.547" classname="com.CloudBlaze.Onboarding.Home"/>
  <testcase name="verifyUrlOfHomePage" time="3.489" classname="com.CloudBlaze.Onboarding.Home"/>
  <testcase name="VerifyLinksOnPage" time="0.450" classname="com.CloudBlaze.Onboarding.Home"/>
</testsuite> <!-- com.CloudBlaze.Onboarding.Home -->
