<?xml version="1.0" encoding="UTF-8"?>
<!-- Generated by org.testng.reporters.JUnitReportReporter -->
<testsuite skipped="0" hostname="LAPTOP-2G86F66K" name="com.Fullload_CDC.FullLoad" tests="11" failures="0" timestamp="12 Apr 2020 14:50:00 GMT" time="1260.504" errors="0">
  <testcase name="verifySystemParams" time="6.788" classname="com.Fullload_CDC.FullLoad"/>
  <testcase name="verifyServicePrinciple" time="3.565" classname="com.Fullload_CDC.FullLoad"/>
  <testcase name="verifySubscription" time="4.123" classname="com.Fullload_CDC.FullLoad"/>
  <testcase name="verifyAddDataFactory" time="5.574" classname="com.Fullload_CDC.FullLoad"/>
  <testcase name="verifyAddSendgrid" time="3.487" classname="com.Fullload_CDC.FullLoad"/>
  <testcase name="verifyAddAzureFunction" time="3.586" classname="com.Fullload_CDC.FullLoad"/>
  <testcase name="verifySourceAdd" time="52.042" classname="com.Fullload_CDC.FullLoad"/>
  <testcase name="verifyAddDestination" time="22.059" classname="com.Fullload_CDC.FullLoad"/>
  <testcase name="verifyAddDataFlow" time="71.123" classname="com.Fullload_CDC.FullLoad"/>
  <testcase name="verifyScheduledFlow" time="18.397" classname="com.Fullload_CDC.FullLoad"/>
  <testcase name="verifyFlowOnMontioringScreen" time="1069.760" classname="com.Fullload_CDC.FullLoad"/>
</testsuite> <!-- com.Fullload_CDC.FullLoad -->
