<?xml version="1.0" encoding="UTF-8"?>
<!-- Generated by org.testng.reporters.JUnitReportReporter -->
<testsuite skipped="0" hostname="LAPTOP-2G86F66K" name="com.Fullload_CDC.OracleToAdls" tests="5" failures="0" timestamp="27 Feb 2020 06:33:56 GMT" time="913.738" errors="0">
  <testcase name="verifySourceAdd" time="43.100" classname="com.Fullload_CDC.OracleToAdls"/>
  <testcase name="verifyAddDestination" time="13.085" classname="com.Fullload_CDC.OracleToAdls"/>
  <testcase name="verifyAddDataFlow" time="38.827" classname="com.Fullload_CDC.OracleToAdls"/>
  <testcase name="verifyScheduledFlow" time="16.183" classname="com.Fullload_CDC.OracleToAdls"/>
  <testcase name="verifyFlowOnMontioringScreen" time="802.543" classname="com.Fullload_CDC.OracleToAdls"/>
</testsuite> <!-- com.Fullload_CDC.OracleToAdls -->
