<?xml version="1.0" encoding="UTF-8"?>
<!-- Generated by org.testng.reporters.JUnitReportReporter -->
<testsuite skipped="0" hostname="LAPTOP-2G86F66K" name="com.Fullload_CDC.FullLoad" tests="3" failures="0" timestamp="04 Mar 2020 07:09:14 GMT" time="1191.473" errors="0">
  <testcase name="verifyAddDataFlow" time="74.571" classname="com.Fullload_CDC.FullLoad"/>
  <testcase name="verifyScheduledFlow" time="15.029" classname="com.Fullload_CDC.FullLoad"/>
  <testcase name="verifyFlowOnMontioringScreen" time="1101.873" classname="com.Fullload_CDC.FullLoad"/>
</testsuite> <!-- com.Fullload_CDC.FullLoad -->
