<?xml version="1.0" encoding="UTF-8"?>
<!-- Generated by org.testng.reporters.JUnitReportReporter -->
<testsuite skipped="0" hostname="LAPTOP-2G86F66K" name="com.CloudBlaze.Monitoring.DataFlowMonitoring" tests="4" failures="0" timestamp="26 Feb 2020 10:45:31 GMT" time="21.820" errors="0">
  <testcase name="VerifyLinkandUrl" time="5.473" classname="com.CloudBlaze.Monitoring.DataFlowMonitoring"/>
  <testcase name="VerifyUrlOfPage" time="1.395" classname="com.CloudBlaze.Monitoring.DataFlowMonitoring"/>
  <testcase name="VerifyComponentsOfMonitoring" time="1.966" classname="com.CloudBlaze.Monitoring.DataFlowMonitoring"/>
  <testcase name="verifyColumnsInGrid" time="12.986" classname="com.CloudBlaze.Monitoring.DataFlowMonitoring"/>
</testsuite> <!-- com.CloudBlaze.Monitoring.DataFlowMonitoring -->
