<?xml version="1.0" encoding="UTF-8"?>
<!-- Generated by org.testng.reporters.JUnitReportReporter -->
<testsuite skipped="0" hostname="LAPTOP-2G86F66K" name="com.CloudBlaze.Onboarding.ServicePrincipal" tests="13" failures="0" timestamp="26 Feb 2020 09:01:14 GMT" time="53.553" errors="0">
  <testcase name="verifyServicePrincipalPage" time="3.174" classname="com.CloudBlaze.Onboarding.ServicePrincipal"/>
  <testcase name="verifyUrlOfServicePrincipal" time="3.227" classname="com.CloudBlaze.Onboarding.ServicePrincipal"/>
  <testcase name="verifyComponentsOfServicePrincipal" time="0.586" classname="com.CloudBlaze.Onboarding.ServicePrincipal"/>
  <testcase name="verifyRecordesInGrid" time="3.073" classname="com.CloudBlaze.Onboarding.ServicePrincipal"/>
  <testcase name="verifyColumnsOfGrid" time="0.352" classname="com.CloudBlaze.Onboarding.ServicePrincipal"/>
  <testcase name="verifyEditDeleteButtons" time="0.085" classname="com.CloudBlaze.Onboarding.ServicePrincipal"/>
  <testcase name="verifyValidations" time="4.757" classname="com.CloudBlaze.Onboarding.ServicePrincipal"/>
  <testcase name="verifyNumberOfRecords" time="0.032" classname="com.CloudBlaze.Onboarding.ServicePrincipal"/>
  <testcase name="verifyFieldsDataGetClearOnCancelClick" time="10.550" classname="com.CloudBlaze.Onboarding.ServicePrincipal"/>
  <testcase name="verifyAddServicePrincipal" time="11.049" classname="com.CloudBlaze.Onboarding.ServicePrincipal"/>
  <testcase name="verifyEditServicePrincipal" time="9.174" classname="com.CloudBlaze.Onboarding.ServicePrincipal"/>
  <testcase name="verifyDeleteDialogBox" time="1.266" classname="com.CloudBlaze.Onboarding.ServicePrincipal"/>
  <testcase name="verifyDeleteRecord" time="6.228" classname="com.CloudBlaze.Onboarding.ServicePrincipal"/>
</testsuite> <!-- com.CloudBlaze.Onboarding.ServicePrincipal -->
