<?xml version="1.0" encoding="UTF-8"?>
<!-- Generated by org.testng.reporters.JUnitReportReporter -->
<testsuite skipped="0" hostname="LAPTOP-2G86F66K" name="com.Fullload_CDC.FullLoad" tests="11" failures="0" timestamp="13 Apr 2020 14:03:33 GMT" time="1403.887" errors="0">
  <testcase name="verifySystemParams" time="6.755" classname="com.Fullload_CDC.FullLoad"/>
  <testcase name="verifyServicePrinciple" time="3.824" classname="com.Fullload_CDC.FullLoad"/>
  <testcase name="verifySubscription" time="4.355" classname="com.Fullload_CDC.FullLoad"/>
  <testcase name="verifyAddDataFactory" time="5.578" classname="com.Fullload_CDC.FullLoad"/>
  <testcase name="verifyAddSendgrid" time="3.531" classname="com.Fullload_CDC.FullLoad"/>
  <testcase name="verifyAddAzureFunction" time="3.529" classname="com.Fullload_CDC.FullLoad"/>
  <testcase name="verifySourceAdd" time="52.762" classname="com.Fullload_CDC.FullLoad"/>
  <testcase name="verifyAddDestination" time="22.541" classname="com.Fullload_CDC.FullLoad"/>
  <testcase name="verifyAddDataFlow" time="70.850" classname="com.Fullload_CDC.FullLoad"/>
  <testcase name="verifyScheduledFlow" time="17.755" classname="com.Fullload_CDC.FullLoad"/>
  <testcase name="verifyFlowOnMontioringScreen" time="1212.407" classname="com.Fullload_CDC.FullLoad"/>
</testsuite> <!-- com.Fullload_CDC.FullLoad -->
