<?xml version="1.0" encoding="UTF-8"?>
<!-- Generated by org.testng.reporters.JUnitReportReporter -->
<testsuite skipped="0" hostname="LAPTOP-2G86F66K" name="com.CloudBlaze.Onboarding.CustomOperation" tests="23" failures="0" timestamp="07 Aug 2019 07:09:04 GMT" time="199.572" errors="0">
  <testcase name="VerifyLogin" time="18.992" classname="com.CloudBlaze.Onboarding.CustomOperation"/>
  <testcase name="verifyCustomOperationPage" time="3.645" classname="com.CloudBlaze.Onboarding.CustomOperation"/>
  <testcase name="verifyUrlOfCustomOperationPage" time="3.545" classname="com.CloudBlaze.Onboarding.CustomOperation"/>
  <testcase name="verifyCustomOperationComponents" time="0.355" classname="com.CloudBlaze.Onboarding.CustomOperation"/>
  <testcase name="verifyGridComponents" time="0.169" classname="com.CloudBlaze.Onboarding.CustomOperation"/>
  <testcase name="verifyColumnsOfGrid" time="0.530" classname="com.CloudBlaze.Onboarding.CustomOperation"/>
  <testcase name="verifyNumberOfRecords" time="0.032" classname="com.CloudBlaze.Onboarding.CustomOperation"/>
  <testcase name="verifyOnClickOfSubmitButtonAlertIsComing" time="5.909" classname="com.CloudBlaze.Onboarding.CustomOperation"/>
  <testcase name="verifyFieldsOfJar" time="7.196" classname="com.CloudBlaze.Onboarding.CustomOperation"/>
  <testcase name="verifyFieldsOfPython" time="7.567" classname="com.CloudBlaze.Onboarding.CustomOperation"/>
  <testcase name="verifyFieldsOfNotebook" time="6.997" classname="com.CloudBlaze.Onboarding.CustomOperation"/>
  <testcase name="verifyFieldsOfExe" time="6.982" classname="com.CloudBlaze.Onboarding.CustomOperation"/>
  <testcase name="verifyFieldsOfParameters" time="4.319" classname="com.CloudBlaze.Onboarding.CustomOperation"/>
  <testcase name="verifyFieldsOflibrary" time="20.997" classname="com.CloudBlaze.Onboarding.CustomOperation"/>
  <testcase name="verifyAddRecordOfJar" time="15.778" classname="com.CloudBlaze.Onboarding.CustomOperation"/>
  <testcase name="verifyEditRecordOfJar" time="13.450" classname="com.CloudBlaze.Onboarding.CustomOperation"/>
  <testcase name="verifyDeleteRecordOfJar" time="7.109" classname="com.CloudBlaze.Onboarding.CustomOperation"/>
  <testcase name="verifyAddRecordOfPython" time="11.692" classname="com.CloudBlaze.Onboarding.CustomOperation"/>
  <testcase name="verifyEditRecordOfPython" time="12.860" classname="com.CloudBlaze.Onboarding.CustomOperation"/>
  <testcase name="verifyAddRecordOfNoteBook" time="14.233" classname="com.CloudBlaze.Onboarding.CustomOperation"/>
  <testcase name="verifyEditRecordOfNoteBook" time="12.577" classname="com.CloudBlaze.Onboarding.CustomOperation"/>
  <testcase name="verifyAddRecordOfExe" time="12.858" classname="com.CloudBlaze.Onboarding.CustomOperation"/>
  <testcase name="verifyEditRecordOfExe" time="11.780" classname="com.CloudBlaze.Onboarding.CustomOperation"/>
</testsuite> <!-- com.CloudBlaze.Onboarding.CustomOperation -->
